nohup: ignoring input

> frontend@0.1.0 start
> react-scripts start

(node:218524) [DEP_WEBPACK_DEV_SERVER_ON_AFTER_SETUP_MIDDLEWARE] DeprecationWarning: 'onAfterSetupMiddleware' option is deprecated. Please use the 'setupMiddlewares' option.
(Use `node-22 --trace-deprecation ...` to show where the warning was created)
(node:218524) [DEP_WEBPACK_DEV_SERVER_ON_BEFORE_SETUP_MIDDLEWARE] DeprecationWarning: 'onBeforeSetupMiddleware' option is deprecated. Please use the 'setupMiddlewares' option.
Starting the development server...

Failed to compile.

Attempted import error: 'DropdownContainer' is not exported from './common/StyledComponents' (imported as 'DropdownContainer').
WARNING in [eslint] 
src/components/ImageLightbox.tsx
  Line 177:6:  React Hook useEffect has a missing dependency: 'handleToggleZoom'. Either include it or remove the dependency array  react-hooks/exhaustive-deps

src/components/Navigation.tsx
  Line 115:7:  'LogoutButton' is assigned a value but never used  @typescript-eslint/no-unused-vars

src/pages/EditProfile.tsx
  Line 159:9:  'isPrivate' is assigned a value but never used  @typescript-eslint/no-unused-vars

src/pages/Home.tsx
  Line 3:10:  'useAuth' is defined but never used                 @typescript-eslint/no-unused-vars
  Line 10:7:  'Header' is assigned a value but never used         @typescript-eslint/no-unused-vars
  Line 18:7:  'HeaderContent' is assigned a value but never used  @typescript-eslint/no-unused-vars
  Line 25:7:  'Logo' is assigned a value but never used           @typescript-eslint/no-unused-vars
  Line 32:7:  'UserSection' is assigned a value but never used    @typescript-eslint/no-unused-vars
  Line 38:7:  'UserInfo' is assigned a value but never used       @typescript-eslint/no-unused-vars
  Line 44:7:  'UserName' is assigned a value but never used       @typescript-eslint/no-unused-vars
  Line 49:7:  'UserHandle' is assigned a value but never used     @typescript-eslint/no-unused-vars

src/pages/Profile.tsx
  Line 86:6:  React Hook useEffect has a missing dependency: 'loadUserProfile'. Either include it or remove the dependency array  react-hooks/exhaustive-deps

ERROR in ./src/components/Navigation.tsx 217:41-58
export 'DropdownContainer' (imported as 'DropdownContainer') was not found in './common/StyledComponents' (possible exports: Avatar, Badge, Button, Card, Container, Divider, ErrorMessage, Flex, Grid, IconButton, Input, LoadingSpinner, Modal, ModalContent, SuccessMessage, TextArea)

ERROR in ./src/components/Navigation.tsx 230:43-55
export 'DropdownMenu' (imported as 'DropdownMenu') was not found in './common/StyledComponents' (possible exports: Avatar, Badge, Button, Card, Container, Divider, ErrorMessage, Flex, Grid, IconButton, Input, LoadingSpinner, Modal, ModalContent, SuccessMessage, TextArea)

ERROR in ./src/components/Navigation.tsx 232:46-58
export 'DropdownItem' (imported as 'DropdownItem') was not found in './common/StyledComponents' (possible exports: Avatar, Badge, Button, Card, Container, Divider, ErrorMessage, Flex, Grid, IconButton, Input, LoadingSpinner, Modal, ModalContent, SuccessMessage, TextArea)

ERROR in ./src/components/Navigation.tsx 240:45-57
export 'DropdownItem' (imported as 'DropdownItem') was not found in './common/StyledComponents' (possible exports: Avatar, Badge, Button, Card, Container, Divider, ErrorMessage, Flex, Grid, IconButton, Input, LoadingSpinner, Modal, ModalContent, SuccessMessage, TextArea)

ERROR in ./src/components/Navigation.tsx 248:45-57
export 'DropdownItem' (imported as 'DropdownItem') was not found in './common/StyledComponents' (possible exports: Avatar, Badge, Button, Card, Container, Divider, ErrorMessage, Flex, Grid, IconButton, Input, LoadingSpinner, Modal, ModalContent, SuccessMessage, TextArea)

ERROR in ./src/components/Navigation.tsx 266:45-57
export 'DropdownItem' (imported as 'DropdownItem') was not found in './common/StyledComponents' (possible exports: Avatar, Badge, Button, Card, Container, Divider, ErrorMessage, Flex, Grid, IconButton, Input, LoadingSpinner, Modal, ModalContent, SuccessMessage, TextArea)

webpack compiled with 6 errors and 1 warning
Files successfully emitted, waiting for typecheck results...
Issues checking in progress...
ERROR in src/components/Navigation.tsx:10:3
TS2305: Module '"./common/StyledComponents"' has no exported member 'DropdownContainer'.
     8 |   Flex, 
     9 |   IconButton,
  > 10 |   DropdownContainer,
       |   ^^^^^^^^^^^^^^^^^
    11 |   DropdownMenu,
    12 |   DropdownItem
    13 | } from './common/StyledComponents';

ERROR in src/components/Navigation.tsx:11:3
TS2305: Module '"./common/StyledComponents"' has no exported member 'DropdownMenu'.
     9 |   IconButton,
    10 |   DropdownContainer,
  > 11 |   DropdownMenu,
       |   ^^^^^^^^^^^^
    12 |   DropdownItem
    13 | } from './common/StyledComponents';
    14 |

ERROR in src/components/Navigation.tsx:12:3
TS2305: Module '"./common/StyledComponents"' has no exported member 'DropdownItem'.
    10 |   DropdownContainer,
    11 |   DropdownMenu,
  > 12 |   DropdownItem
       |   ^^^^^^^^^^^^
    13 | } from './common/StyledComponents';
    14 |
    15 | const NavContainer = styled.nav`

Compiling...
Failed to compile.

[eslint] 
src/components/common/StyledComponents.ts
Syntax error: An identifier or keyword cannot immediately follow a numeric literal (246:12)
WARNING in [eslint] 
src/components/ImageLightbox.tsx
  Line 177:6:  React Hook useEffect has a missing dependency: 'handleToggleZoom'. Either include it or remove the dependency array  react-hooks/exhaustive-deps

src/components/Navigation.tsx
  Line 115:7:  'LogoutButton' is assigned a value but never used  @typescript-eslint/no-unused-vars

src/pages/EditProfile.tsx
  Line 159:9:  'isPrivate' is assigned a value but never used  @typescript-eslint/no-unused-vars

src/pages/Home.tsx
  Line 3:10:  'useAuth' is defined but never used                 @typescript-eslint/no-unused-vars
  Line 10:7:  'Header' is assigned a value but never used         @typescript-eslint/no-unused-vars
  Line 18:7:  'HeaderContent' is assigned a value but never used  @typescript-eslint/no-unused-vars
  Line 25:7:  'Logo' is assigned a value but never used           @typescript-eslint/no-unused-vars
  Line 32:7:  'UserSection' is assigned a value but never used    @typescript-eslint/no-unused-vars
  Line 38:7:  'UserInfo' is assigned a value but never used       @typescript-eslint/no-unused-vars
  Line 44:7:  'UserName' is assigned a value but never used       @typescript-eslint/no-unused-vars
  Line 49:7:  'UserHandle' is assigned a value but never used     @typescript-eslint/no-unused-vars

src/pages/Profile.tsx
  Line 86:6:  React Hook useEffect has a missing dependency: 'loadUserProfile'. Either include it or remove the dependency array  react-hooks/exhaustive-deps

ERROR in ./src/components/common/StyledComponents.ts
Module build failed (from ./node_modules/babel-loader/lib/index.js):
SyntaxError: /mnt/workspace/NT/frontend/src/components/common/StyledComponents.ts: Identifier directly after number. (246:12)

  244 |   }
  245 | `;
> 246 |   margin: 20px 0;
      |             ^
  247 | `;
  248 |
  249 | export const Modal = styled.div`
    at constructor (/mnt/workspace/NT/frontend/node_modules/@babel/parser/lib/index.js:367:19)
    at TypeScriptParserMixin.raise (/mnt/workspace/NT/frontend/node_modules/@babel/parser/lib/index.js:6627:19)
    at TypeScriptParserMixin.readNumber (/mnt/workspace/NT/frontend/node_modules/@babel/parser/lib/index.js:6498:18)
    at TypeScriptParserMixin.getTokenFromCode (/mnt/workspace/NT/frontend/node_modules/@babel/parser/lib/index.js:6282:14)
    at TypeScriptParserMixin.getTokenFromCode (/mnt/workspace/NT/frontend/node_modules/@babel/parser/lib/index.js:10004:11)
    at TypeScriptParserMixin.nextToken (/mnt/workspace/NT/frontend/node_modules/@babel/parser/lib/index.js:5810:10)
    at TypeScriptParserMixin.next (/mnt/workspace/NT/frontend/node_modules/@babel/parser/lib/index.js:5720:10)
    at TypeScriptParserMixin.eat (/mnt/workspace/NT/frontend/node_modules/@babel/parser/lib/index.js:5724:12)
    at TypeScriptParserMixin.parseStatementContent (/mnt/workspace/NT/frontend/node_modules/@babel/parser/lib/index.js:12896:76)
    at TypeScriptParserMixin.parseStatementContent (/mnt/workspace/NT/frontend/node_modules/@babel/parser/lib/index.js:9527:18)
    at TypeScriptParserMixin.parseStatementLike (/mnt/workspace/NT/frontend/node_modules/@babel/parser/lib/index.js:12767:17)
    at TypeScriptParserMixin.parseModuleItem (/mnt/workspace/NT/frontend/node_modules/@babel/parser/lib/index.js:12744:17)
    at TypeScriptParserMixin.parseBlockOrModuleBlockBody (/mnt/workspace/NT/frontend/node_modules/@babel/parser/lib/index.js:13316:36)
    at TypeScriptParserMixin.parseBlockBody (/mnt/workspace/NT/frontend/node_modules/@babel/parser/lib/index.js:13309:10)
    at TypeScriptParserMixin.parseProgram (/mnt/workspace/NT/frontend/node_modules/@babel/parser/lib/index.js:12625:10)
    at TypeScriptParserMixin.parseTopLevel (/mnt/workspace/NT/frontend/node_modules/@babel/parser/lib/index.js:12615:25)
    at TypeScriptParserMixin.parse (/mnt/workspace/NT/frontend/node_modules/@babel/parser/lib/index.js:14492:10)
    at TypeScriptParserMixin.parse (/mnt/workspace/NT/frontend/node_modules/@babel/parser/lib/index.js:10144:18)
    at parse (/mnt/workspace/NT/frontend/node_modules/@babel/parser/lib/index.js:14526:38)
    at parser (/mnt/workspace/NT/frontend/node_modules/@babel/core/lib/parser/index.js:41:34)
    at parser.next (<anonymous>)
    at normalizeFile (/mnt/workspace/NT/frontend/node_modules/@babel/core/lib/transformation/normalize-file.js:64:37)
    at normalizeFile.next (<anonymous>)
    at run (/mnt/workspace/NT/frontend/node_modules/@babel/core/lib/transformation/index.js:22:50)
    at run.next (<anonymous>)
    at transform (/mnt/workspace/NT/frontend/node_modules/@babel/core/lib/transform.js:22:33)
    at transform.next (<anonymous>)
    at step (/mnt/workspace/NT/frontend/node_modules/gensync/index.js:261:32)
    at /mnt/workspace/NT/frontend/node_modules/gensync/index.js:273:13
    at async.call.result.err.err (/mnt/workspace/NT/frontend/node_modules/gensync/index.js:223:11)

ERROR in [eslint] 
src/components/common/StyledComponents.ts
  Line 246:12:  Parsing error: An identifier or keyword cannot immediately follow a numeric literal

webpack compiled with 2 errors and 1 warning
Files successfully emitted, waiting for typecheck results...
Issues checking in progress...
ERROR in src/components/common/StyledComponents.ts
TS1160: Unterminated template literal.

ERROR in src/components/common/StyledComponents.ts:246:13
TS1351: An identifier or keyword cannot immediately follow a numeric literal.
    244 |   }
    245 | `;
  > 246 |   margin: 20px 0;
        |             ^^
    247 | `;
    248 |
    249 | export const Modal = styled.div`

ERROR in src/components/common/StyledComponents.ts:246:13
TS2304: Cannot find name 'px'.
    244 |   }
    245 | `;
  > 246 |   margin: 20px 0;
        |             ^^
    247 | `;
    248 |
    249 | export const Modal = styled.div`

ERROR in src/components/common/StyledComponents.ts:250:13
TS2304: Cannot find name 'fixed'.
    248 |
    249 | export const Modal = styled.div`
  > 250 |   position: fixed;
        |             ^^^^^
    251 |   top: 0;
    252 |   left: 0;
    253 |   right: 0;

ERROR in src/components/common/StyledComponents.ts:255:3
TS2304: Cannot find name 'background'.
    253 |   right: 0;
    254 |   bottom: 0;
  > 255 |   background-color: rgba(0, 0, 0, 0.5);
        |   ^^^^^^^^^^
    256 |   display: flex;
    257 |   align-items: center;
    258 |   justify-content: center;

ERROR in src/components/common/StyledComponents.ts:255:14
TS2304: Cannot find name 'color'.
    253 |   right: 0;
    254 |   bottom: 0;
  > 255 |   background-color: rgba(0, 0, 0, 0.5);
        |              ^^^^^
    256 |   display: flex;
    257 |   align-items: center;
    258 |   justify-content: center;

ERROR in src/components/common/StyledComponents.ts:255:19
TS1005: ';' expected.
    253 |   right: 0;
    254 |   bottom: 0;
  > 255 |   background-color: rgba(0, 0, 0, 0.5);
        |                   ^
    256 |   display: flex;
    257 |   align-items: center;
    258 |   justify-content: center;

ERROR in src/components/common/StyledComponents.ts:255:21
TS2304: Cannot find name 'rgba'.
    253 |   right: 0;
    254 |   bottom: 0;
  > 255 |   background-color: rgba(0, 0, 0, 0.5);
        |                     ^^^^
    256 |   display: flex;
    257 |   align-items: center;
    258 |   justify-content: center;

ERROR in src/components/common/StyledComponents.ts:256:12
TS2552: Cannot find name 'flex'. Did you mean 'Flex'?
    254 |   bottom: 0;
    255 |   background-color: rgba(0, 0, 0, 0.5);
  > 256 |   display: flex;
        |            ^^^^
    257 |   align-items: center;
    258 |   justify-content: center;
    259 |   z-index: 1000;

ERROR in src/components/common/StyledComponents.ts:257:3
TS2304: Cannot find name 'align'.
    255 |   background-color: rgba(0, 0, 0, 0.5);
    256 |   display: flex;
  > 257 |   align-items: center;
        |   ^^^^^
    258 |   justify-content: center;
    259 |   z-index: 1000;
    260 | `;

ERROR in src/components/common/StyledComponents.ts:257:9
TS2304: Cannot find name 'items'.
    255 |   background-color: rgba(0, 0, 0, 0.5);
    256 |   display: flex;
  > 257 |   align-items: center;
        |         ^^^^^
    258 |   justify-content: center;
    259 |   z-index: 1000;
    260 | `;

ERROR in src/components/common/StyledComponents.ts:257:14
TS1005: ';' expected.
    255 |   background-color: rgba(0, 0, 0, 0.5);
    256 |   display: flex;
  > 257 |   align-items: center;
        |              ^
    258 |   justify-content: center;
    259 |   z-index: 1000;
    260 | `;

ERROR in src/components/common/StyledComponents.ts:257:16
TS2304: Cannot find name 'center'.
    255 |   background-color: rgba(0, 0, 0, 0.5);
    256 |   display: flex;
  > 257 |   align-items: center;
        |                ^^^^^^
    258 |   justify-content: center;
    259 |   z-index: 1000;
    260 | `;

ERROR in src/components/common/StyledComponents.ts:258:3
TS2304: Cannot find name 'justify'.
    256 |   display: flex;
    257 |   align-items: center;
  > 258 |   justify-content: center;
        |   ^^^^^^^
    259 |   z-index: 1000;
    260 | `;
    261 |

ERROR in src/components/common/StyledComponents.ts:258:11
TS2304: Cannot find name 'content'.
    256 |   display: flex;
    257 |   align-items: center;
  > 258 |   justify-content: center;
        |           ^^^^^^^
    259 |   z-index: 1000;
    260 | `;
    261 |

ERROR in src/components/common/StyledComponents.ts:258:18
TS1005: ';' expected.
    256 |   display: flex;
    257 |   align-items: center;
  > 258 |   justify-content: center;
        |                  ^
    259 |   z-index: 1000;
    260 | `;
    261 |

ERROR in src/components/common/StyledComponents.ts:258:20
TS2304: Cannot find name 'center'.
    256 |   display: flex;
    257 |   align-items: center;
  > 258 |   justify-content: center;
        |                    ^^^^^^
    259 |   z-index: 1000;
    260 | `;
    261 |

ERROR in src/components/common/StyledComponents.ts:259:3
TS2304: Cannot find name 'z'.
    257 |   align-items: center;
    258 |   justify-content: center;
  > 259 |   z-index: 1000;
        |   ^
    260 | `;
    261 |
    262 | export const ModalContent = styled.div`

ERROR in src/components/common/StyledComponents.ts:259:5
TS2304: Cannot find name 'index'.
    257 |   align-items: center;
    258 |   justify-content: center;
  > 259 |   z-index: 1000;
        |     ^^^^^
    260 | `;
    261 |
    262 | export const ModalContent = styled.div`

ERROR in src/components/common/StyledComponents.ts:259:10
TS1005: ';' expected.
    257 |   align-items: center;
    258 |   justify-content: center;
  > 259 |   z-index: 1000;
        |          ^
    260 | `;
    261 |
    262 | export const ModalContent = styled.div`

ERROR in src/components/common/StyledComponents.ts:263:15
TS2304: Cannot find name 'white'.
    261 |
    262 | export const ModalContent = styled.div`
  > 263 |   background: white;
        |               ^^^^^
    264 |   border-radius: 16px;
    265 |   max-width: 600px;
    266 |   width: 90%;

ERROR in src/components/common/StyledComponents.ts:264:3
TS2304: Cannot find name 'border'.
    262 | export const ModalContent = styled.div`
    263 |   background: white;
  > 264 |   border-radius: 16px;
        |   ^^^^^^
    265 |   max-width: 600px;
    266 |   width: 90%;
    267 |   max-height: 90vh;

ERROR in src/components/common/StyledComponents.ts:264:10
TS2304: Cannot find name 'radius'.
    262 | export const ModalContent = styled.div`
    263 |   background: white;
  > 264 |   border-radius: 16px;
        |          ^^^^^^
    265 |   max-width: 600px;
    266 |   width: 90%;
    267 |   max-height: 90vh;

ERROR in src/components/common/StyledComponents.ts:264:16
TS1005: ';' expected.
    262 | export const ModalContent = styled.div`
    263 |   background: white;
  > 264 |   border-radius: 16px;
        |                ^
    265 |   max-width: 600px;
    266 |   width: 90%;
    267 |   max-height: 90vh;

ERROR in src/components/common/StyledComponents.ts:264:20
TS1351: An identifier or keyword cannot immediately follow a numeric literal.
    262 | export const ModalContent = styled.div`
    263 |   background: white;
  > 264 |   border-radius: 16px;
        |                    ^^
    265 |   max-width: 600px;
    266 |   width: 90%;
    267 |   max-height: 90vh;

ERROR in src/components/common/StyledComponents.ts:264:20
TS2304: Cannot find name 'px'.
    262 | export const ModalContent = styled.div`
    263 |   background: white;
  > 264 |   border-radius: 16px;
        |                    ^^
    265 |   max-width: 600px;
    266 |   width: 90%;
    267 |   max-height: 90vh;

ERROR in src/components/common/StyledComponents.ts:265:3
TS2304: Cannot find name 'max'.
    263 |   background: white;
    264 |   border-radius: 16px;
  > 265 |   max-width: 600px;
        |   ^^^
    266 |   width: 90%;
    267 |   max-height: 90vh;
    268 |   overflow-y: auto;

ERROR in src/components/common/StyledComponents.ts:265:7
TS2304: Cannot find name 'width'.
    263 |   background: white;
    264 |   border-radius: 16px;
  > 265 |   max-width: 600px;
        |       ^^^^^
    266 |   width: 90%;
    267 |   max-height: 90vh;
    268 |   overflow-y: auto;

ERROR in src/components/common/StyledComponents.ts:265:12
TS1005: ';' expected.
    263 |   background: white;
    264 |   border-radius: 16px;
  > 265 |   max-width: 600px;
        |            ^
    266 |   width: 90%;
    267 |   max-height: 90vh;
    268 |   overflow-y: auto;

ERROR in src/components/common/StyledComponents.ts:265:17
TS1351: An identifier or keyword cannot immediately follow a numeric literal.
    263 |   background: white;
    264 |   border-radius: 16px;
  > 265 |   max-width: 600px;
        |                 ^^
    266 |   width: 90%;
    267 |   max-height: 90vh;
    268 |   overflow-y: auto;

ERROR in src/components/common/StyledComponents.ts:265:17
TS2304: Cannot find name 'px'.
    263 |   background: white;
    264 |   border-radius: 16px;
  > 265 |   max-width: 600px;
        |                 ^^
    266 |   width: 90%;
    267 |   max-height: 90vh;
    268 |   overflow-y: auto;

ERROR in src/components/common/StyledComponents.ts:266:13
TS1109: Expression expected.
    264 |   border-radius: 16px;
    265 |   max-width: 600px;
  > 266 |   width: 90%;
        |             ^
    267 |   max-height: 90vh;
    268 |   overflow-y: auto;
    269 |   position: relative;

ERROR in src/components/common/StyledComponents.ts:267:3
TS2304: Cannot find name 'max'.
    265 |   max-width: 600px;
    266 |   width: 90%;
  > 267 |   max-height: 90vh;
        |   ^^^
    268 |   overflow-y: auto;
    269 |   position: relative;
    270 | `;

ERROR in src/components/common/StyledComponents.ts:267:7
TS2304: Cannot find name 'height'.
    265 |   max-width: 600px;
    266 |   width: 90%;
  > 267 |   max-height: 90vh;
        |       ^^^^^^
    268 |   overflow-y: auto;
    269 |   position: relative;
    270 | `;

ERROR in src/components/common/StyledComponents.ts:267:13
TS1005: ';' expected.
    265 |   max-width: 600px;
    266 |   width: 90%;
  > 267 |   max-height: 90vh;
        |             ^
    268 |   overflow-y: auto;
    269 |   position: relative;
    270 | `;

ERROR in src/components/common/StyledComponents.ts:267:17
TS1351: An identifier or keyword cannot immediately follow a numeric literal.
    265 |   max-width: 600px;
    266 |   width: 90%;
  > 267 |   max-height: 90vh;
        |                 ^^
    268 |   overflow-y: auto;
    269 |   position: relative;
    270 | `;

ERROR in src/components/common/StyledComponents.ts:267:17
TS2304: Cannot find name 'vh'.
    265 |   max-width: 600px;
    266 |   width: 90%;
  > 267 |   max-height: 90vh;
        |                 ^^
    268 |   overflow-y: auto;
    269 |   position: relative;
    270 | `;

ERROR in src/components/common/StyledComponents.ts:268:3
TS2304: Cannot find name 'overflow'.
    266 |   width: 90%;
    267 |   max-height: 90vh;
  > 268 |   overflow-y: auto;
        |   ^^^^^^^^
    269 |   position: relative;
    270 | `;
    271 |

ERROR in src/components/common/StyledComponents.ts:268:12
TS2304: Cannot find name 'y'.
    266 |   width: 90%;
    267 |   max-height: 90vh;
  > 268 |   overflow-y: auto;
        |            ^
    269 |   position: relative;
    270 | `;
    271 |

ERROR in src/components/common/StyledComponents.ts:268:13
TS1005: ';' expected.
    266 |   width: 90%;
    267 |   max-height: 90vh;
  > 268 |   overflow-y: auto;
        |             ^
    269 |   position: relative;
    270 | `;
    271 |

ERROR in src/components/common/StyledComponents.ts:268:15
TS2304: Cannot find name 'auto'.
    266 |   width: 90%;
    267 |   max-height: 90vh;
  > 268 |   overflow-y: auto;
        |               ^^^^
    269 |   position: relative;
    270 | `;
    271 |

ERROR in src/components/common/StyledComponents.ts:269:13
TS2304: Cannot find name 'relative'.
    267 |   max-height: 90vh;
    268 |   overflow-y: auto;
  > 269 |   position: relative;
        |             ^^^^^^^^
    270 | `;
    271 |

Compiling...
Compiled with warnings.

[eslint] 
src/components/ImageLightbox.tsx
  Line 177:6:  React Hook useEffect has a missing dependency: 'handleToggleZoom'. Either include it or remove the dependency array  react-hooks/exhaustive-deps

src/components/Navigation.tsx
  Line 115:7:  'LogoutButton' is assigned a value but never used  @typescript-eslint/no-unused-vars

src/pages/EditProfile.tsx
  Line 159:9:  'isPrivate' is assigned a value but never used  @typescript-eslint/no-unused-vars

src/pages/Home.tsx
  Line 3:10:  'useAuth' is defined but never used                 @typescript-eslint/no-unused-vars
  Line 10:7:  'Header' is assigned a value but never used         @typescript-eslint/no-unused-vars
  Line 18:7:  'HeaderContent' is assigned a value but never used  @typescript-eslint/no-unused-vars
  Line 25:7:  'Logo' is assigned a value but never used           @typescript-eslint/no-unused-vars
  Line 32:7:  'UserSection' is assigned a value but never used    @typescript-eslint/no-unused-vars
  Line 38:7:  'UserInfo' is assigned a value but never used       @typescript-eslint/no-unused-vars
  Line 44:7:  'UserName' is assigned a value but never used       @typescript-eslint/no-unused-vars
  Line 49:7:  'UserHandle' is assigned a value but never used     @typescript-eslint/no-unused-vars

src/pages/Profile.tsx
  Line 86:6:  React Hook useEffect has a missing dependency: 'loadUserProfile'. Either include it or remove the dependency array  react-hooks/exhaustive-deps

Search for the keywords to learn more about each warning.
To ignore, add // eslint-disable-next-line to the line before.

WARNING in [eslint] 
src/components/ImageLightbox.tsx
  Line 177:6:  React Hook useEffect has a missing dependency: 'handleToggleZoom'. Either include it or remove the dependency array  react-hooks/exhaustive-deps

src/components/Navigation.tsx
  Line 115:7:  'LogoutButton' is assigned a value but never used  @typescript-eslint/no-unused-vars

src/pages/EditProfile.tsx
  Line 159:9:  'isPrivate' is assigned a value but never used  @typescript-eslint/no-unused-vars

src/pages/Home.tsx
  Line 3:10:  'useAuth' is defined but never used                 @typescript-eslint/no-unused-vars
  Line 10:7:  'Header' is assigned a value but never used         @typescript-eslint/no-unused-vars
  Line 18:7:  'HeaderContent' is assigned a value but never used  @typescript-eslint/no-unused-vars
  Line 25:7:  'Logo' is assigned a value but never used           @typescript-eslint/no-unused-vars
  Line 32:7:  'UserSection' is assigned a value but never used    @typescript-eslint/no-unused-vars
  Line 38:7:  'UserInfo' is assigned a value but never used       @typescript-eslint/no-unused-vars
  Line 44:7:  'UserName' is assigned a value but never used       @typescript-eslint/no-unused-vars
  Line 49:7:  'UserHandle' is assigned a value but never used     @typescript-eslint/no-unused-vars

src/pages/Profile.tsx
  Line 86:6:  React Hook useEffect has a missing dependency: 'loadUserProfile'. Either include it or remove the dependency array  react-hooks/exhaustive-deps

webpack compiled with 1 warning
No issues found.
